<?xml version="1.0" encoding="UTF-8"?>
<testng-results ignored="0" total="1" passed="1" failed="0" skipped="0">
  <reporter-output>
  </reporter-output>
  <suite started-at="2024-02-04T14:07:30 CST" name="Default suite" finished-at="2024-02-04T14:08:39 CST" duration-ms="69514">
    <groups>
    </groups>
    <test started-at="2024-02-04T14:07:30 CST" name="Default test" finished-at="2024-02-04T14:08:39 CST" duration-ms="69514">
      <class name="test.NewCustomerTest">
        <test-method signature="userShouldBeAbleToAddNewCustomer()[pri:0, instance:test.NewCustomerTest@4fc5e095]" started-at="2024-02-04T14:07:30 CST" name="userShouldBeAbleToAddNewCustomer" finished-at="2024-02-04T14:08:39 CST" duration-ms="69426" status="PASS">
          <reporter-output>
          </reporter-output>
        </test-method> <!-- userShouldBeAbleToAddNewCustomer -->
      </class> <!-- test.NewCustomerTest -->
    </test> <!-- Default test -->
  </suite> <!-- Default suite -->
</testng-results>
